[2024-11-18 05:15:33] local.ERROR: include(D:\OSPanel\home\GeoPortal\vendor\composer/../../app/Providers/AppServiceProvider.php): Failed to open stream: No such file or directory {"exception":"[object] (ErrorException(code: 0): include(D:\\OSPanel\\home\\GeoPortal\\vendor\\composer/../../app/Providers/AppServiceProvider.php): Failed to open stream: No such file or directory at D:\\OSPanel\\home\\GeoPortal\\vendor\\composer\\ClassLoader.php:576)
[stacktrace]
#0 D:\\OSPanel\\home\\GeoPortal\\vendor\\laravel\\framework\\src\\Illuminate\\Foundation\\Bootstrap\\HandleExceptions.php(256): Illuminate\\Foundation\\Bootstrap\\HandleExceptions->handleError(2, 'include(D:\\\\OSPa...', 'D:\\\\OSPanel\\\\home...', 576)
#1 D:\\OSPanel\\home\\GeoPortal\\vendor\\composer\\ClassLoader.php(576): Illuminate\\Foundation\\Bootstrap\\HandleExceptions->Illuminate\\Foundation\\Bootstrap\\{closure}(2, 'include(D:\\\\OSPa...', 'D:\\\\OSPanel\\\\home...', 576)
#2 D:\\OSPanel\\home\\GeoPortal\\vendor\\composer\\ClassLoader.php(576): include('D:\\\\OSPanel\\\\home...')
#3 D:\\OSPanel\\home\\GeoPortal\\vendor\\composer\\ClassLoader.php(427): Composer\\Autoload\\{closure}('D:\\\\OSPanel\\\\home...')
#4 [internal function]: Composer\\Autoload\\ClassLoader->loadClass('App\\\\Providers\\\\A...')
#5 D:\\OSPanel\\home\\GeoPortal\\vendor\\laravel\\framework\\src\\Illuminate\\Foundation\\Bootstrap\\RegisterProviders.php(52): class_exists('App\\\\Providers\\\\A...')
#6 D:\\OSPanel\\home\\GeoPortal\\vendor\\laravel\\framework\\src\\Illuminate\\Foundation\\Bootstrap\\RegisterProviders.php(34): Illuminate\\Foundation\\Bootstrap\\RegisterProviders->mergeAdditionalProviders(Object(Illuminate\\Foundation\\Application))
#7 D:\\OSPanel\\home\\GeoPortal\\vendor\\laravel\\framework\\src\\Illuminate\\Foundation\\Application.php(316): Illuminate\\Foundation\\Bootstrap\\RegisterProviders->bootstrap(Object(Illuminate\\Foundation\\Application))
#8 D:\\OSPanel\\home\\GeoPortal\\vendor\\laravel\\framework\\src\\Illuminate\\Foundation\\Console\\Kernel.php(473): Illuminate\\Foundation\\Application->bootstrapWith(Array)
#9 D:\\OSPanel\\home\\GeoPortal\\vendor\\laravel\\framework\\src\\Illuminate\\Foundation\\Console\\Kernel.php(195): Illuminate\\Foundation\\Console\\Kernel->bootstrap()
#10 D:\\OSPanel\\home\\GeoPortal\\vendor\\laravel\\framework\\src\\Illuminate\\Foundation\\Application.php(1203): Illuminate\\Foundation\\Console\\Kernel->handle(Object(Symfony\\Component\\Console\\Input\\ArgvInput), Object(Symfony\\Component\\Console\\Output\\ConsoleOutput))
#11 D:\\OSPanel\\home\\GeoPortal\\artisan(13): Illuminate\\Foundation\\Application->handleCommand(Object(Symfony\\Component\\Console\\Input\\ArgvInput))
#12 {main}
"} 
[2024-11-18 05:16:34] local.ERROR: include(D:\OSPanel\home\GeoPortal\vendor\composer/../../app/Providers/AppServiceProvider.php): Failed to open stream: No such file or directory {"exception":"[object] (ErrorException(code: 0): include(D:\\OSPanel\\home\\GeoPortal\\vendor\\composer/../../app/Providers/AppServiceProvider.php): Failed to open stream: No such file or directory at D:\\OSPanel\\home\\GeoPortal\\vendor\\composer\\ClassLoader.php:576)
[stacktrace]
#0 D:\\OSPanel\\home\\GeoPortal\\vendor\\laravel\\framework\\src\\Illuminate\\Foundation\\Bootstrap\\HandleExceptions.php(256): Illuminate\\Foundation\\Bootstrap\\HandleExceptions->handleError(2, 'include(D:\\\\OSPa...', 'D:\\\\OSPanel\\\\home...', 576)
#1 D:\\OSPanel\\home\\GeoPortal\\vendor\\composer\\ClassLoader.php(576): Illuminate\\Foundation\\Bootstrap\\HandleExceptions->Illuminate\\Foundation\\Bootstrap\\{closure}(2, 'include(D:\\\\OSPa...', 'D:\\\\OSPanel\\\\home...', 576)
#2 D:\\OSPanel\\home\\GeoPortal\\vendor\\composer\\ClassLoader.php(576): include('D:\\\\OSPanel\\\\home...')
#3 D:\\OSPanel\\home\\GeoPortal\\vendor\\composer\\ClassLoader.php(427): Composer\\Autoload\\{closure}('D:\\\\OSPanel\\\\home...')
#4 [internal function]: Composer\\Autoload\\ClassLoader->loadClass('App\\\\Providers\\\\A...')
#5 D:\\OSPanel\\home\\GeoPortal\\vendor\\laravel\\framework\\src\\Illuminate\\Foundation\\Bootstrap\\RegisterProviders.php(52): class_exists('App\\\\Providers\\\\A...')
#6 D:\\OSPanel\\home\\GeoPortal\\vendor\\laravel\\framework\\src\\Illuminate\\Foundation\\Bootstrap\\RegisterProviders.php(34): Illuminate\\Foundation\\Bootstrap\\RegisterProviders->mergeAdditionalProviders(Object(Illuminate\\Foundation\\Application))
#7 D:\\OSPanel\\home\\GeoPortal\\vendor\\laravel\\framework\\src\\Illuminate\\Foundation\\Application.php(316): Illuminate\\Foundation\\Bootstrap\\RegisterProviders->bootstrap(Object(Illuminate\\Foundation\\Application))
#8 D:\\OSPanel\\home\\GeoPortal\\vendor\\laravel\\framework\\src\\Illuminate\\Foundation\\Console\\Kernel.php(473): Illuminate\\Foundation\\Application->bootstrapWith(Array)
#9 D:\\OSPanel\\home\\GeoPortal\\vendor\\laravel\\framework\\src\\Illuminate\\Foundation\\Console\\Kernel.php(195): Illuminate\\Foundation\\Console\\Kernel->bootstrap()
#10 D:\\OSPanel\\home\\GeoPortal\\vendor\\laravel\\framework\\src\\Illuminate\\Foundation\\Application.php(1203): Illuminate\\Foundation\\Console\\Kernel->handle(Object(Symfony\\Component\\Console\\Input\\ArgvInput), Object(Symfony\\Component\\Console\\Output\\ConsoleOutput))
#11 D:\\OSPanel\\home\\GeoPortal\\artisan(13): Illuminate\\Foundation\\Application->handleCommand(Object(Symfony\\Component\\Console\\Input\\ArgvInput))
#12 {main}
"} 
